
> my-app@0.1.0 dev
> next dev -p 3000 --hostname 0.0.0.0

▲ Next.js 16.1.6 (Turbopack)
- Local:         http://localhost:3000
- Network:       http://0.0.0.0:3000
- Environments: .env.local
- Experiments (use with caution):
  · serverActions

✓ Starting...
✓ Ready in 2.1s
⚠ Cross origin request detected from sy6fmqzmspm3k5pptvjich477brm6cumaqwglcxk.main-live.julesusercontent.com to /_next/* resource. In a future major version of Next.js, you will need to explicitly configure "allowedDevOrigins" in next.config to allow this.
Read more: https://nextjs.org/docs/app/api-reference/config/next-config-js/allowedDevOrigins
 GET /_next/webpack-hmr?id=otLHpLUL8qrA6O2_xMHAK 404 in 1933ms (compile: 1371ms, render: 562ms)
 GET /_next/webpack-hmr?id=otLHpLUL8qrA6O2_xMHAK 404 in 137ms (compile: 34ms, render: 103ms)
 GET /_next/webpack-hmr?id=otLHpLUL8qrA6O2_xMHAK 404 in 122ms (compile: 32ms, render: 90ms)
 GET /_next/webpack-hmr?id=otLHpLUL8qrA6O2_xMHAK 404 in 72ms (compile: 16ms, render: 57ms)
 GET /_next/webpack-hmr?id=otLHpLUL8qrA6O2_xMHAK 404 in 120ms (compile: 34ms, render: 86ms)
 GET /_next/webpack-hmr?id=otLHpLUL8qrA6O2_xMHAK 404 in 92ms (compile: 24ms, render: 68ms)
 GET /_next/webpack-hmr?id=otLHpLUL8qrA6O2_xMHAK 404 in 158ms (compile: 36ms, render: 122ms)
 HEAD / 200 in 608ms (compile: 292ms, render: 316ms)
 GET /_next/webpack-hmr?id=otLHpLUL8qrA6O2_xMHAK 404 in 99ms (compile: 27ms, render: 71ms)
 GET / 200 in 83ms (compile: 21ms, render: 62ms)
 GET /_next/webpack-hmr?id=v36JReS1sGf4rXwbUPm31 404 in 169ms (compile: 100ms, render: 69ms)
 GET /_next/webpack-hmr?id=v36JReS1sGf4rXwbUPm31 404 in 92ms (compile: 19ms, render: 73ms)
 GET /_next/webpack-hmr?id=v36JReS1sGf4rXwbUPm31 404 in 66ms (compile: 15ms, render: 51ms)
 GET /_next/webpack-hmr?id=v36JReS1sGf4rXwbUPm31 404 in 61ms (compile: 17ms, render: 43ms)
 GET /_next/webpack-hmr?id=v36JReS1sGf4rXwbUPm31 404 in 83ms (compile: 26ms, render: 57ms)
 GET /_next/webpack-hmr?id=v36JReS1sGf4rXwbUPm31 404 in 81ms (compile: 23ms, render: 58ms)
 GET /_next/webpack-hmr?id=v36JReS1sGf4rXwbUPm31 404 in 142ms (compile: 39ms, render: 103ms)
